<?xml version="1.0" encoding="UTF-8"?>
<!-- Generated by org.testng.reporters.JUnitReportReporter -->
<testsuite hostname="DESKTOP-AOMMAF5" failures="0" tests="1" name="runnerIO.RunnerClassForVtiger" time="17.857" errors="0" timestamp="2025-08-12T21:21:42 IST" skipped="0">
  <testcase classname="runnerIO.RunnerClassForVtiger" name="runScenario" time="17.857"/>
</testsuite> <!-- runnerIO.RunnerClassForVtiger -->
